# JRE version: Java(TM) SE Runtime Environment (8.0_131-b11) (build 1.8.0_131-b11)
# Java VM: Java HotSpot(TM) 64-Bit Server VM (25.131-b11 mixed mode windows-amd64 compressed oops)
Heap:
 def new generation   total 19712K, used 7000K [0x00000000c0000000, 0x00000000c1560000, 0x00000000d5550000)
  eden space 17536K,  31% used [0x00000000c0000000, 0x00000000c057ab78, 0x00000000c1120000)
  from space 2176K,  63% used [0x00000000c1340000, 0x00000000c149b5e8, 0x00000000c1560000)
  to   space 2176K,   0% used [0x00000000c1120000, 0x00000000c1120000, 0x00000000c1340000)
 tenured generation   total 73176K, used 46173K [0x00000000d5550000, 0x00000000d9cc6000, 0x0000000100000000)
   the space 73176K,  63% used [0x00000000d5550000, 0x00000000d8267440, 0x00000000d8267600, 0x00000000d9cc6000)
 Metaspace       used 24997K, capacity 25648K, committed 25856K, reserved 1073152K
  class space    used 2838K, capacity 3014K, committed 3072K, reserved 1048576K
GC Heap History (10 events):
Event: 31.901 GC heap before
{Heap before GC invocations=41 (full 2):
 def new generation   total 19712K, used 17861K [0x00000000c0000000, 0x00000000c1560000, 0x00000000d5550000)
  eden space 17536K, 100% used [0x00000000c0000000, 0x00000000c1120000, 0x00000000c1120000)
  from space 2176K,  14% used [0x00000000c1120000, 0x00000000c1171700, 0x00000000c1340000)
  to   space 2176K,   0% used [0x00000000c1340000, 0x00000000c1340000, 0x00000000c1560000)
 tenured generation   total 73176K, used 44897K [0x00000000d5550000, 0x00000000d9cc6000, 0x0000000100000000)
   the space 73176K,  61% used [0x00000000d5550000, 0x00000000d8128610, 0x00000000d8128800, 0x00000000d9cc6000)
 Metaspace       used 24965K, capacity 25648K, committed 25856K, reserved 1073152K
  class space    used 2838K, capacity 3014K, committed 3072K, reserved 1048576K
Event: 31.906 GC heap after
Heap after GC invocations=42 (full 2):
 def new generation   total 19712K, used 719K [0x00000000c0000000, 0x00000000c1560000, 0x00000000d5550000)
  eden space 17536K,   0% used [0x00000000c0000000, 0x00000000c0000000, 0x00000000c1120000)
  from space 2176K,  33% used [0x00000000c1340000, 0x00000000c13f3ce8, 0x00000000c1560000)
  to   space 2176K,   0% used [0x00000000c1120000, 0x00000000c1120000, 0x00000000c1340000)
 tenured generation   total 73176K, used 44897K [0x00000000d5550000, 0x00000000d9cc6000, 0x0000000100000000)
   the space 73176K,  61% used [0x00000000d5550000, 0x00000000d8128610, 0x00000000d8128800, 0x00000000d9cc6000)
 Metaspace       used 24965K, capacity 25648K, committed 25856K, reserved 1073152K
  class space    used 2838K, capacity 3014K, committed 3072K, reserved 1048576K
}
Event: 31.977 GC heap before
{Heap before GC invocations=42 (full 2):
 def new generation   total 19712K, used 18255K [0x00000000c0000000, 0x00000000c1560000, 0x00000000d5550000)
  eden space 17536K, 100% used [0x00000000c0000000, 0x00000000c1120000, 0x00000000c1120000)
  from space 2176K,  33% used [0x00000000c1340000, 0x00000000c13f3ce8, 0x00000000c1560000)
  to   space 2176K,   0% used [0x00000000c1120000, 0x00000000c1120000, 0x00000000c1340000)
 tenured generation   total 73176K, used 44897K [0x00000000d5550000, 0x00000000d9cc6000, 0x0000000100000000)
   the space 73176K,  61% used [0x00000000d5550000, 0x00000000d8128610, 0x00000000d8128800, 0x00000000d9cc6000)
 Metaspace       used 24966K, capacity 25648K, committed 25856K, reserved 1073152K
  class space    used 2838K, capacity 3014K, committed 3072K, reserved 1048576K
Event: 31.981 GC heap after
Heap after GC invocations=43 (full 2):
 def new generation   total 19712K, used 856K [0x00000000c0000000, 0x00000000c1560000, 0x00000000d5550000)
  eden space 17536K,   0% used [0x00000000c0000000, 0x00000000c0000000, 0x00000000c1120000)
  from space 2176K,  39% used [0x00000000c1120000, 0x00000000c11f60d0, 0x00000000c1340000)
  to   space 2176K,   0% used [0x00000000c1340000, 0x00000000c1340000, 0x00000000c1560000)
 tenured generation   total 73176K, used 44897K [0x00000000d5550000, 0x00000000d9cc6000, 0x0000000100000000)
   the space 73176K,  61% used [0x00000000d5550000, 0x00000000d8128610, 0x00000000d8128800, 0x00000000d9cc6000)
 Metaspace       used 24966K, capacity 25648K, committed 25856K, reserved 1073152K
  class space    used 2838K, capacity 3014K, committed 3072K, reserved 1048576K
}
Event: 32.110 GC heap before
{Heap before GC invocations=43 (full 2):
 def new generation   total 19712K, used 18392K [0x00000000c0000000, 0x00000000c1560000, 0x00000000d5550000)
  eden space 17536K, 100% used [0x00000000c0000000, 0x00000000c1120000, 0x00000000c1120000)
  from space 2176K,  39% used [0x00000000c1120000, 0x00000000c11f60d0, 0x00000000c1340000)
  to   space 2176K,   0% used [0x00000000c1340000, 0x00000000c1340000, 0x00000000c1560000)
 tenured generation   total 73176K, used 44897K [0x00000000d5550000, 0x00000000d9cc6000, 0x0000000100000000)
   the space 73176K,  61% used [0x00000000d5550000, 0x00000000d8128610, 0x00000000d8128800, 0x00000000d9cc6000)
 Metaspace       used 24967K, capacity 25648K, committed 25856K, reserved 1073152K
  class space    used 2838K, capacity 3014K, committed 3072K, reserved 1048576K
Event: 32.116 GC heap after
Heap after GC invocations=44 (full 2):
 def new generation   total 19712K, used 1279K [0x00000000c0000000, 0x00000000c1560000, 0x00000000d5550000)
  eden space 17536K,   0% used [0x00000000c0000000, 0x00000000c0000000, 0x00000000c1120000)
  from space 2176K,  58% used [0x00000000c1340000, 0x00000000c147fc38, 0x00000000c1560000)
  to   space 2176K,   0% used [0x00000000c1120000, 0x00000000c1120000, 0x00000000c1340000)
 tenured generation   total 73176K, used 44897K [0x00000000d5550000, 0x00000000d9cc6000, 0x0000000100000000)
   the space 73176K,  61% used [0x00000000d5550000, 0x00000000d8128610, 0x00000000d8128800, 0x00000000d9cc6000)
 Metaspace       used 24967K, capacity 25648K, committed 25856K, reserved 1073152K
  class space    used 2838K, capacity 3014K, committed 3072K, reserved 1048576K
}
Event: 32.203 GC heap before
{Heap before GC invocations=44 (full 2):
 def new generation   total 19712K, used 18815K [0x00000000c0000000, 0x00000000c1560000, 0x00000000d5550000)
  eden space 17536K, 100% used [0x00000000c0000000, 0x00000000c1120000, 0x00000000c1120000)
  from space 2176K,  58% used [0x00000000c1340000, 0x00000000c147fc38, 0x00000000c1560000)
  to   space 2176K,   0% used [0x00000000c1120000, 0x00000000c1120000, 0x00000000c1340000)
 tenured generation   total 73176K, used 44897K [0x00000000d5550000, 0x00000000d9cc6000, 0x0000000100000000)
   the space 73176K,  61% used [0x00000000d5550000, 0x00000000d8128610, 0x00000000d8128800, 0x00000000d9cc6000)
 Metaspace       used 24969K, capacity 25648K, committed 25856K, reserved 1073152K
  class space    used 2838K, capacity 3014K, committed 3072K, reserved 1048576K
Event: 32.212 GC heap after
Heap after GC invocations=45 (full 2):
 def new generation   total 19712K, used 1551K [0x00000000c0000000, 0x00000000c1560000, 0x00000000d5550000)
  eden space 17536K,   0% used [0x00000000c0000000, 0x00000000c0000000, 0x00000000c1120000)
  from space 2176K,  71% used [0x00000000c1120000, 0x00000000c12a3dc0, 0x00000000c1340000)
  to   space 2176K,   0% used [0x00000000c1340000, 0x00000000c1340000, 0x00000000c1560000)
 tenured generation   total 73176K, used 45120K [0x00000000d5550000, 0x00000000d9cc6000, 0x0000000100000000)
   the space 73176K,  61% used [0x00000000d5550000, 0x00000000d8160360, 0x00000000d8160400, 0x00000000d9cc6000)
 Metaspace       used 24969K, capacity 25648K, committed 25856K, reserved 1073152K
  class space    used 2838K, capacity 3014K, committed 3072K, reserved 1048576K
}
Event: 32.298 GC heap before
{Heap before GC invocations=45 (full 2):
 def new generation   total 19712K, used 19087K [0x00000000c0000000, 0x00000000c1560000, 0x00000000d5550000)
  eden space 17536K, 100% used [0x00000000c0000000, 0x00000000c1120000, 0x00000000c1120000)
  from space 2176K,  71% used [0x00000000c1120000, 0x00000000c12a3dc0, 0x00000000c1340000)
  to   space 2176K,   0% used [0x00000000c1340000, 0x00000000c1340000, 0x00000000c1560000)
 tenured generation   total 73176K, used 45120K [0x00000000d5550000, 0x00000000d9cc6000, 0x0000000100000000)
   the space 73176K,  61% used [0x00000000d5550000, 0x00000000d8160360, 0x00000000d8160400, 0x00000000d9cc6000)
 Metaspace       used 24971K, capacity 25648K, committed 25856K, reserved 1073152K
  class space    used 2838K, capacity 3014K, committed 3072K, reserved 1048576K
Event: 32.307 GC heap after
Heap after GC invocations=46 (full 2):
 def new generation   total 19712K, used 1365K [0x00000000c0000000, 0x00000000c1560000, 0x00000000d5550000)
  eden space 17536K,   0% used [0x00000000c0000000, 0x00000000c0000000, 0x00000000c1120000)
  from space 2176K,  62% used [0x00000000c1340000, 0x00000000c1495468, 0x00000000c1560000)
  to   space 2176K,   0% used [0x00000000c1120000, 0x00000000c1120000, 0x00000000c1340000)
 tenured generation   total 73176K, used 45614K [0x00000000d5550000, 0x00000000d9cc6000, 0x0000000100000000)
   the space 73176K,  62% used [0x00000000d5550000, 0x00000000d81db8b8, 0x00000000d81dba00, 0x00000000d9cc6000)
 Metaspace       used 24971K, capacity 25648K, committed 25856K, reserved 1073152K
  class space    used 2838K, capacity 3014K, committed 3072K, reserved 1048576K
}

